<?xml version="1.0" encoding="UTF-8"?>
<!-- Generated by org.testng.reporters.JUnitReportReporter -->
<testsuite hostname="HP" failures="0" tests="1" name="com.actitime.testscript.CustomerModule" time="0.063" errors="0" timestamp="2023-06-08T12:28:27 IST" skipped="0">
  <testcase classname="com.actitime.testscript.CustomerModule" name="CreateCustomer" time="0.063"/>
  <system-out>
    <![CDATA[CreateCustomer]]>
  </system-out>
</testsuite> <!-- com.actitime.testscript.CustomerModule -->
